[INFO] Scanning for projects...
[INFO] 
[INFO] --------------------< site.sefaris:sefaris-backend >--------------------
[INFO] Building sefaris-backend 4.0.0
[INFO]   from pom.xml
[INFO] --------------------------------[ jar ]---------------------------------
[INFO] 
[INFO] >>> spring-boot:3.3.5:run (default-cli) > test-compile @ sefaris-backend >>>
[INFO] 
[INFO] --- resources:3.3.1:resources (default-resources) @ sefaris-backend ---
[INFO] Copying 3 resources from src\main\resources to target\classes
[INFO] Copying 2 resources from src\main\resources to target\classes
[INFO] 
[INFO] --- compiler:3.13.0:compile (default-compile) @ sefaris-backend ---
[INFO] Nothing to compile - all classes are up to date.
[INFO] 
[INFO] --- resources:3.3.1:testResources (default-testResources) @ sefaris-backend ---
[INFO] skip non existing resourceDirectory C:\Users\ubter\IdeaProjects\sefaris\backend\src\test\resources
[INFO] 
[INFO] --- compiler:3.13.0:testCompile (default-testCompile) @ sefaris-backend ---
[INFO] No sources to compile
[INFO] 
[INFO] <<< spring-boot:3.3.5:run (default-cli) < test-compile @ sefaris-backend <<<
[INFO] 
[INFO] 
[INFO] --- spring-boot:3.3.5:run (default-cli) @ sefaris-backend ---
[INFO] Attaching agents: []
Standard Commons Logging discovery in action with spring-jcl: please remove commons-logging.jar from classpath in order to avoid potential conflicts

  .   ____          _            __ _ _
 /\\ / ___'_ __ _ _(_)_ __  __ _ \ \ \ \
( ( )\___ | '_ | '_| | '_ \/ _` | \ \ \ \
 \\/  ___)| |_)| | | | | || (_| |  ) ) ) )
  '  |____| .__|_| |_|_| |_\__, | / / / /
 =========|_|==============|___/=/_/_/_/

 :: Spring Boot ::                (v3.3.5)

2026-07-09T20:58:37.194+02:00  INFO 11064 --- [sefaris-backend] [           main] site.sefaris.SefarisApplication          : Starting SefarisApplication using Java 21.0.8 with PID 11064 (C:\Users\ubter\IdeaProjects\sefaris\backend\target\classes started by ubter in C:\Users\ubter\IdeaProjects\sefaris\backend)
2026-07-09T20:58:37.198+02:00  INFO 11064 --- [sefaris-backend] [           main] site.sefaris.SefarisApplication          : The following 1 profile is active: "h2"
2026-07-09T20:58:38.118+02:00  INFO 11064 --- [sefaris-backend] [           main] .s.d.r.c.RepositoryConfigurationDelegate : Bootstrapping Spring Data JPA repositories in DEFAULT mode.
2026-07-09T20:58:38.222+02:00  INFO 11064 --- [sefaris-backend] [           main] .s.d.r.c.RepositoryConfigurationDelegate : Finished Spring Data repository scanning in 96 ms. Found 17 JPA repository interfaces.
2026-07-09T20:58:38.838+02:00  INFO 11064 --- [sefaris-backend] [           main] o.s.b.w.embedded.tomcat.TomcatWebServer  : Tomcat initialized with port 8080 (http)
2026-07-09T20:58:38.854+02:00  INFO 11064 --- [sefaris-backend] [           main] o.apache.catalina.core.StandardService   : Starting service [Tomcat]
2026-07-09T20:58:38.854+02:00  INFO 11064 --- [sefaris-backend] [           main] o.apache.catalina.core.StandardEngine    : Starting Servlet engine: [Apache Tomcat/10.1.31]
2026-07-09T20:58:38.940+02:00  INFO 11064 --- [sefaris-backend] [           main] o.a.c.c.C.[.[localhost].[/api/v1]        : Initializing Spring embedded WebApplicationContext
2026-07-09T20:58:38.941+02:00  INFO 11064 --- [sefaris-backend] [           main] w.s.c.ServletWebServerApplicationContext : Root WebApplicationContext: initialization completed in 1699 ms
Standard Commons Logging discovery in action with spring-jcl: please remove commons-logging.jar from classpath in order to avoid potential conflicts
2026-07-09T20:58:38.973+02:00  INFO 11064 --- [sefaris-backend] [           main] com.zaxxer.hikari.HikariDataSource       : HikariPool-1 - Starting...
2026-07-09T20:58:39.158+02:00  INFO 11064 --- [sefaris-backend] [           main] com.zaxxer.hikari.pool.HikariPool        : HikariPool-1 - Added connection conn0: url=jdbc:h2:mem:sefaris user=SA
2026-07-09T20:58:39.160+02:00  INFO 11064 --- [sefaris-backend] [           main] com.zaxxer.hikari.HikariDataSource       : HikariPool-1 - Start completed.
2026-07-09T20:58:39.167+02:00  INFO 11064 --- [sefaris-backend] [           main] o.s.b.a.h2.H2ConsoleAutoConfiguration    : H2 console available at '/h2-console'. Database available at 'jdbc:h2:mem:sefaris'
2026-07-09T20:58:39.371+02:00  INFO 11064 --- [sefaris-backend] [           main] org.flywaydb.core.FlywayExecutor         : Database: jdbc:h2:mem:sefaris (H2 2.2)
2026-07-09T20:58:39.375+02:00  WARN 11064 --- [sefaris-backend] [           main] o.f.c.internal.database.base.Database    : Flyway upgrade recommended: H2 2.2.224 is newer than this version of Flyway and support has not been tested. The latest supported version of H2 is 2.2.220.
2026-07-09T20:58:39.391+02:00  INFO 11064 --- [sefaris-backend] [           main] o.f.c.i.s.JdbcTableSchemaHistory         : Schema history table "public"."flyway_schema_history" does not exist yet
2026-07-09T20:58:39.393+02:00  INFO 11064 --- [sefaris-backend] [           main] o.f.core.internal.command.DbValidate     : Successfully validated 2 migrations (execution time 00:00.011s)
2026-07-09T20:58:39.400+02:00  INFO 11064 --- [sefaris-backend] [           main] o.f.c.i.s.JdbcTableSchemaHistory         : Creating Schema History table "public"."flyway_schema_history" ...
2026-07-09T20:58:39.425+02:00  INFO 11064 --- [sefaris-backend] [           main] o.f.core.internal.command.DbMigrate      : Current version of schema "public": << Empty Schema >>
2026-07-09T20:58:39.434+02:00  INFO 11064 --- [sefaris-backend] [           main] o.f.core.internal.command.DbMigrate      : Migrating schema "public" to version "1 - init schema"
2026-07-09T20:58:39.465+02:00  INFO 11064 --- [sefaris-backend] [           main] o.f.core.internal.command.DbMigrate      : Migrating schema "public" to version "2 - seed reference data"
2026-07-09T20:58:39.478+02:00  INFO 11064 --- [sefaris-backend] [           main] o.f.core.internal.command.DbMigrate      : Successfully applied 2 migrations to schema "public", now at version v2 (execution time 00:00.024s)
2026-07-09T20:58:39.560+02:00  INFO 11064 --- [sefaris-backend] [           main] o.hibernate.jpa.internal.util.LogHelper  : HHH000204: Processing PersistenceUnitInfo [name: default]
2026-07-09T20:58:39.625+02:00  INFO 11064 --- [sefaris-backend] [           main] org.hibernate.Version                    : HHH000412: Hibernate ORM core version 6.5.3.Final
2026-07-09T20:58:39.672+02:00  INFO 11064 --- [sefaris-backend] [           main] o.h.c.internal.RegionFactoryInitiator    : HHH000026: Second-level cache disabled
2026-07-09T20:58:39.943+02:00  INFO 11064 --- [sefaris-backend] [           main] o.s.o.j.p.SpringPersistenceUnitInfo      : No LoadTimeWeaver setup: ignoring JPA class transformer
2026-07-09T20:58:39.994+02:00  WARN 11064 --- [sefaris-backend] [           main] org.hibernate.dialect.Dialect            : HHH000511: The 2.2.224 version for [org.hibernate.dialect.PostgreSQLDialect] is no longer supported, hence certain features may not work properly. The minimum supported version is 12.0.0. Check the community dialects project for available legacy versions.
2026-07-09T20:58:40.000+02:00  WARN 11064 --- [sefaris-backend] [           main] org.hibernate.orm.deprecation            : HHH90000025: PostgreSQLDialect does not need to be specified explicitly using 'hibernate.dialect' (remove the property setting and it will be selected by default)
2026-07-09T20:58:40.984+02:00  INFO 11064 --- [sefaris-backend] [           main] o.h.e.t.j.p.i.JtaPlatformInitiator       : HHH000489: No JTA platform available (set 'hibernate.transaction.jta.platform' to enable JTA platform integration)
2026-07-09T20:58:40.986+02:00  INFO 11064 --- [sefaris-backend] [           main] j.LocalContainerEntityManagerFactoryBean : Initialized JPA EntityManagerFactory for persistence unit 'default'
2026-07-09T20:58:41.927+02:00  INFO 11064 --- [sefaris-backend] [           main] r$InitializeUserDetailsManagerConfigurer : Global AuthenticationManager configured with UserDetailsService bean with name customUserDetailsService
2026-07-09T20:58:42.600+02:00  INFO 11064 --- [sefaris-backend] [           main] o.s.b.w.embedded.tomcat.TomcatWebServer  : Tomcat started on port 8080 (http) with context path '/api/v1'
2026-07-09T20:58:42.608+02:00  INFO 11064 --- [sefaris-backend] [           main] site.sefaris.SefarisApplication          : Started SefarisApplication in 5.883 seconds (process running for 6.296)
2026-07-09T20:58:43.039+02:00  INFO 11064 --- [sefaris-backend] [           main] site.sefaris.config.DataInitializer      : Seed tamam. Giriş: admin@sefaris.site / Sefaris2026!
2026-07-09T21:01:35.707+02:00  INFO 11064 --- [sefaris-backend] [nio-8080-exec-1] o.a.c.c.C.[.[localhost].[/api/v1]        : Initializing Spring DispatcherServlet 'dispatcherServlet'
2026-07-09T21:01:35.707+02:00  INFO 11064 --- [sefaris-backend] [nio-8080-exec-1] o.s.web.servlet.DispatcherServlet        : Initializing Servlet 'dispatcherServlet'
2026-07-09T21:01:35.708+02:00  INFO 11064 --- [sefaris-backend] [nio-8080-exec-1] o.s.web.servlet.DispatcherServlet        : Completed initialization in 1 ms
